{
  "stats": {
    "suites": 2,
    "tests": 2,
    "passes": 2,
    "pending": 0,
    "failures": 0,
    "testsRegistered": 2,
    "passPercent": 100,
    "pendingPercent": 0,
    "other": 0,
    "hasOther": false,
    "skipped": 0,
    "hasSkipped": false,
    "start": "2023-06-07T20:25:20.976Z",
    "end": "2023-06-07T20:26:23.509Z",
    "duration": 62533
  },
  "results": [
    {
      "uuid": "e28e63f6-be1e-4f91-b226-45f41438ff3f",
      "title": "",
      "fullFile": "cypress/integration/createUser.feature",
      "file": "cypress/integration/createUser.feature",
      "beforeHooks": [],
      "afterHooks": [],
      "tests": [],
      "suites": [
        {
          "uuid": "38aa6733-df15-4b2c-8355-8ddc704e5e24",
          "title": "Creating an user on EBAC's web page",
          "fullFile": "",
          "file": "",
          "beforeHooks": [],
          "afterHooks": [],
          "tests": [
            {
              "title": "Opening and creating an user on the create account EBAC's page",
              "fullTitle": "Creating an user on EBAC's web page Opening and creating an user on the create account EBAC's page",
              "timedOut": null,
              "duration": 15782,
              "state": "passed",
              "speed": "slow",
              "pass": true,
              "fail": false,
              "pending": false,
              "context": null,
              "code": "const state = window.testState;\nreturn cy\n  .then(() => state.onStartScenario(scenario, indexedSteps))\n  .then(() =>\n    resolveAndRunBeforeHooks.call(this, scenario.tags, state.feature.name)\n  )\n  .then(() =>\n    indexedSteps.forEach((step) =>\n      stepTest.call(this, state, step, rowData)\n    )\n  )\n  .then(() => state.onFinishScenario(scenario));",
              "err": {},
              "uuid": "dd276c1e-dfca-4b09-9e0c-dd5b8b37916c",
              "parentUUID": "38aa6733-df15-4b2c-8355-8ddc704e5e24",
              "isHook": false,
              "skipped": false
            }
          ],
          "suites": [],
          "passes": [
            "dd276c1e-dfca-4b09-9e0c-dd5b8b37916c"
          ],
          "failures": [],
          "pending": [],
          "skipped": [],
          "duration": 15782,
          "root": false,
          "rootEmpty": false,
          "_timeout": 2000
        }
      ],
      "passes": [],
      "failures": [],
      "pending": [],
      "skipped": [],
      "duration": 0,
      "root": true,
      "rootEmpty": true,
      "_timeout": 2000
    },
    {
      "uuid": "04a8b388-3094-401a-ad1c-012e3779ee31",
      "title": "",
      "fullFile": "cypress/integration/cart.feature",
      "file": "cypress/integration/cart.feature",
      "beforeHooks": [],
      "afterHooks": [],
      "tests": [],
      "suites": [
        {
          "uuid": "21f1f1bd-78a8-4aaa-a1c0-f71a8d825147",
          "title": "EBAC shop cart",
          "fullFile": "",
          "file": "",
          "beforeHooks": [],
          "afterHooks": [],
          "tests": [
            {
              "title": "Adding and deleting an item from the EBAC shop cart",
              "fullTitle": "EBAC shop cart Adding and deleting an item from the EBAC shop cart",
              "timedOut": null,
              "duration": 21198,
              "state": "passed",
              "speed": "slow",
              "pass": true,
              "fail": false,
              "pending": false,
              "context": null,
              "code": "const state = window.testState;\nreturn cy\n  .then(() => state.onStartScenario(scenario, indexedSteps))\n  .then(() =>\n    resolveAndRunBeforeHooks.call(this, scenario.tags, state.feature.name)\n  )\n  .then(() =>\n    indexedSteps.forEach((step) =>\n      stepTest.call(this, state, step, rowData)\n    )\n  )\n  .then(() => state.onFinishScenario(scenario));",
              "err": {},
              "uuid": "cd8319aa-3509-495f-8a35-4aaa4ab9ffdf",
              "parentUUID": "21f1f1bd-78a8-4aaa-a1c0-f71a8d825147",
              "isHook": false,
              "skipped": false
            }
          ],
          "suites": [],
          "passes": [
            "cd8319aa-3509-495f-8a35-4aaa4ab9ffdf"
          ],
          "failures": [],
          "pending": [],
          "skipped": [],
          "duration": 21198,
          "root": false,
          "rootEmpty": false,
          "_timeout": 2000
        }
      ],
      "passes": [],
      "failures": [],
      "pending": [],
      "skipped": [],
      "duration": 0,
      "root": true,
      "rootEmpty": true,
      "_timeout": 2000
    }
  ],
  "meta": {
    "mocha": {
      "version": "7.0.1"
    },
    "mochawesome": {
      "options": {
        "quiet": false,
        "reportFilename": "mochawesome",
        "saveHtml": false,
        "saveJson": true,
        "consoleReporter": "spec",
        "useInlineDiffs": false,
        "code": true
      },
      "version": "7.1.3"
    },
    "marge": {
      "options": {
        "reportDir": "./cypress/results",
        "overwrite": false,
        "html": false,
        "json": true
      },
      "version": "6.2.0"
    }
  }
}